{"numFailedTestSuites":0,"numFailedTests":0,"numPassedTestSuites":1,"numPassedTests":1,"numPendingTestSuites":0,"numPendingTests":0,"numRuntimeErrorTestSuites":0,"numTodoTests":0,"numTotalTestSuites":1,"numTotalTests":1,"openHandles":[],"snapshot":{"added":0,"didUpdate":true,"failure":false,"filesAdded":0,"filesRemoved":0,"filesRemovedList":[],"filesUnmatched":0,"filesUpdated":0,"matched":0,"total":0,"unchecked":0,"uncheckedKeysByFile":[],"unmatched":0,"updated":0},"startTime":1656426414586,"success":true,"testResults":[{"assertionResults":[{"ancestorTitles":["initialTest"],"failureMessages":[],"fullName":"initialTest Test!!! Pass","location":null,"status":"passed","title":"Test!!! Pass"}],"endTime":1656426416534,"message":"","name":"/home/runner/work/workflow-test/workflow-test/test/init.test.ts","startTime":1656426415101,"status":"passed","summary":""}],"wasInterrupted":false}